Connecting to database specified by database.yml


Started GET "/assets/rails.png" for 127.0.0.1 at 2013-03-23 22:12:26 -0400
Served asset /rails.png - 200 OK (741ms)
Connecting to database specified by database.yml


Started GET "/" for 127.0.0.1 at 2013-03-23 23:16:58 -0400

ActionController::RoutingError (No route matches [GET] "/"):
  actionpack (3.2.11) lib/action_dispatch/middleware/debug_exceptions.rb:21:in `call'
  actionpack (3.2.11) lib/action_dispatch/middleware/show_exceptions.rb:56:in `call'
  railties (3.2.11) lib/rails/rack/logger.rb:32:in `call_app'
  railties (3.2.11) lib/rails/rack/logger.rb:16:in `block in call'
  activesupport (3.2.11) lib/active_support/tagged_logging.rb:22:in `tagged'
  railties (3.2.11) lib/rails/rack/logger.rb:16:in `call'
  actionpack (3.2.11) lib/action_dispatch/middleware/request_id.rb:22:in `call'
  rack (1.4.5) lib/rack/methodoverride.rb:21:in `call'
  rack (1.4.5) lib/rack/runtime.rb:17:in `call'
  activesupport (3.2.11) lib/active_support/cache/strategy/local_cache.rb:72:in `call'
  rack (1.4.5) lib/rack/lock.rb:15:in `call'
  actionpack (3.2.11) lib/action_dispatch/middleware/static.rb:62:in `call'
  railties (3.2.11) lib/rails/engine.rb:479:in `call'
  railties (3.2.11) lib/rails/application.rb:223:in `call'
  rack (1.4.5) lib/rack/content_length.rb:14:in `call'
  railties (3.2.11) lib/rails/rack/log_tailer.rb:17:in `call'
  rack (1.4.5) lib/rack/handler/webrick.rb:59:in `service'
  /Users/carolynzhang/.rvm/rubies/ruby-1.9.3-p374/lib/ruby/1.9.1/webrick/httpserver.rb:138:in `service'
  /Users/carolynzhang/.rvm/rubies/ruby-1.9.3-p374/lib/ruby/1.9.1/webrick/httpserver.rb:94:in `run'
  /Users/carolynzhang/.rvm/rubies/ruby-1.9.3-p374/lib/ruby/1.9.1/webrick/server.rb:191:in `block in start_thread'


  Rendered /Users/carolynzhang/.rvm/gems/ruby-1.9.3-p374/gems/actionpack-3.2.11/lib/action_dispatch/middleware/templates/rescues/routing_error.erb within rescues/layout (26.5ms)


Started GET "/" for 127.0.0.1 at 2013-03-24 00:28:58 -0400

ActionController::RoutingError (No route matches [GET] "/"):
  actionpack (3.2.11) lib/action_dispatch/middleware/debug_exceptions.rb:21:in `call'
  actionpack (3.2.11) lib/action_dispatch/middleware/show_exceptions.rb:56:in `call'
  railties (3.2.11) lib/rails/rack/logger.rb:32:in `call_app'
  railties (3.2.11) lib/rails/rack/logger.rb:16:in `block in call'
  activesupport (3.2.11) lib/active_support/tagged_logging.rb:22:in `tagged'
  railties (3.2.11) lib/rails/rack/logger.rb:16:in `call'
  actionpack (3.2.11) lib/action_dispatch/middleware/request_id.rb:22:in `call'
  rack (1.4.5) lib/rack/methodoverride.rb:21:in `call'
  rack (1.4.5) lib/rack/runtime.rb:17:in `call'
  activesupport (3.2.11) lib/active_support/cache/strategy/local_cache.rb:72:in `call'
  rack (1.4.5) lib/rack/lock.rb:15:in `call'
  actionpack (3.2.11) lib/action_dispatch/middleware/static.rb:62:in `call'
  railties (3.2.11) lib/rails/engine.rb:479:in `call'
  railties (3.2.11) lib/rails/application.rb:223:in `call'
  rack (1.4.5) lib/rack/content_length.rb:14:in `call'
  railties (3.2.11) lib/rails/rack/log_tailer.rb:17:in `call'
  rack (1.4.5) lib/rack/handler/webrick.rb:59:in `service'
  /Users/carolynzhang/.rvm/rubies/ruby-1.9.3-p374/lib/ruby/1.9.1/webrick/httpserver.rb:138:in `service'
  /Users/carolynzhang/.rvm/rubies/ruby-1.9.3-p374/lib/ruby/1.9.1/webrick/httpserver.rb:94:in `run'
  /Users/carolynzhang/.rvm/rubies/ruby-1.9.3-p374/lib/ruby/1.9.1/webrick/server.rb:191:in `block in start_thread'


  Rendered /Users/carolynzhang/.rvm/gems/ruby-1.9.3-p374/gems/actionpack-3.2.11/lib/action_dispatch/middleware/templates/rescues/routing_error.erb within rescues/layout (0.7ms)


Started GET "/" for 127.0.0.1 at 2013-03-24 00:29:05 -0400
Processing by HomeController#index as HTML
  Rendered home/index.html.erb within layouts/application (0.6ms)
Compiled home.css  (812ms)  (pid 14552)
Compiled application.css  (2317ms)  (pid 14552)
Compiled jquery.js  (3ms)  (pid 14552)
Compiled jquery_ujs.js  (1ms)  (pid 14552)
Compiled home.js  (466ms)  (pid 14552)
Compiled application.js  (3844ms)  (pid 14552)
Completed 200 OK in 14043ms (Views: 14042.7ms | ActiveRecord: 0.0ms)


Started GET "/assets/application.css?body=1" for 127.0.0.1 at 2013-03-24 00:29:26 -0400
Served asset /application.css - 200 OK (111ms)


Started GET "/assets/home.css?body=1" for 127.0.0.1 at 2013-03-24 00:29:27 -0400
Served asset /home.css - 200 OK (3ms)


Started GET "/assets/jquery.js?body=1" for 127.0.0.1 at 2013-03-24 00:29:27 -0400
Served asset /jquery.js - 200 OK (2ms)


Started GET "/assets/jquery_ujs.js?body=1" for 127.0.0.1 at 2013-03-24 00:29:27 -0400
Served asset /jquery_ujs.js - 200 OK (2ms)


Started GET "/assets/application.js?body=1" for 127.0.0.1 at 2013-03-24 00:29:27 -0400
Served asset /application.js - 200 OK (7ms)


Started GET "/assets/home.js?body=1" for 127.0.0.1 at 2013-03-24 00:29:27 -0400
Served asset /home.js - 200 OK (2ms)


Started GET "/" for 127.0.0.1 at 2013-03-24 02:18:53 -0400
Processing by HomeController#index as HTML
  Rendered home/index.html.erb within layouts/application (0.1ms)
Completed 200 OK in 224ms (Views: 224.1ms | ActiveRecord: 0.0ms)


Started GET "/assets/home.css?body=1" for 127.0.0.1 at 2013-03-24 02:18:54 -0400
Served asset /home.css - 200 OK (0ms)


Started GET "/assets/jquery.js?body=1" for 127.0.0.1 at 2013-03-24 02:18:54 -0400
Served asset /jquery.js - 200 OK (0ms)


Started GET "/assets/application.js?body=1" for 127.0.0.1 at 2013-03-24 02:18:54 -0400
Served asset /application.js - 200 OK (0ms)


Started GET "/assets/jquery_ujs.js?body=1" for 127.0.0.1 at 2013-03-24 02:18:54 -0400
Served asset /jquery_ujs.js - 200 OK (0ms)


Started GET "/assets/home.js?body=1" for 127.0.0.1 at 2013-03-24 02:18:54 -0400
Served asset /home.js - 200 OK (0ms)


Started GET "/assets/application.css?body=1" for 127.0.0.1 at 2013-03-24 02:18:54 -0400
Served asset /application.css - 304 Not Modified (0ms)


Started GET "/" for 127.0.0.1 at 2013-03-24 03:30:05 -0400
Processing by HomeController#index as HTML
  Rendered home/index.html.erb within layouts/application (0.0ms)
Completed 200 OK in 423ms (Views: 423.0ms | ActiveRecord: 0.0ms)


Started GET "/assets/application.css?body=1" for 127.0.0.1 at 2013-03-24 03:30:09 -0400
Served asset /application.css - 200 OK (0ms)


Started GET "/assets/home.css?body=1" for 127.0.0.1 at 2013-03-24 03:30:10 -0400
Served asset /home.css - 200 OK (64ms)


Started GET "/assets/jquery.js?body=1" for 127.0.0.1 at 2013-03-24 03:30:11 -0400
Served asset /jquery.js - 200 OK (0ms)


Started GET "/assets/jquery_ujs.js?body=1" for 127.0.0.1 at 2013-03-24 03:30:11 -0400
Served asset /jquery_ujs.js - 200 OK (0ms)


Started GET "/assets/home.js?body=1" for 127.0.0.1 at 2013-03-24 03:30:13 -0400
Served asset /home.js - 200 OK (0ms)


Started GET "/assets/application.js?body=1" for 127.0.0.1 at 2013-03-24 03:30:13 -0400
Served asset /application.js - 200 OK (0ms)


Started GET "/" for 127.0.0.1 at 2013-03-24 23:06:53 -0400
Processing by HomeController#index as HTML
  Rendered home/index.html.erb within layouts/application (0.1ms)
Completed 200 OK in 2324ms (Views: 2323.1ms | ActiveRecord: 0.0ms)


Started GET "/assets/application.css?body=1" for 127.0.0.1 at 2013-03-24 23:07:02 -0400
Served asset /application.css - 200 OK (0ms)


Started GET "/assets/jquery_ujs.js?body=1" for 127.0.0.1 at 2013-03-24 23:07:04 -0400
Served asset /jquery_ujs.js - 200 OK (0ms)


Started GET "/assets/jquery.js?body=1" for 127.0.0.1 at 2013-03-24 23:07:05 -0400
Served asset /jquery.js - 200 OK (0ms)


Started GET "/assets/home.js?body=1" for 127.0.0.1 at 2013-03-24 23:07:13 -0400
Served asset /home.js - 200 OK (0ms)


Started GET "/assets/home.css?body=1" for 127.0.0.1 at 2013-03-24 23:07:13 -0400
Served asset /home.css - 200 OK (0ms)


Started GET "/assets/application.js?body=1" for 127.0.0.1 at 2013-03-24 23:07:14 -0400
Served asset /application.js - 200 OK (0ms)
Connecting to database specified by database.yml
Connecting to database specified by database.yml
  [1m[36m (0.2ms)[0m  [1mselect sqlite_version(*)[0m
  [1m[35m (56.6ms)[0m  CREATE TABLE "schema_migrations" ("version" varchar(255) NOT NULL) 
  [1m[36m (32.0ms)[0m  [1mCREATE UNIQUE INDEX "unique_schema_migrations" ON "schema_migrations" ("version")[0m
  [1m[35m (217.8ms)[0m  SELECT "schema_migrations"."version" FROM "schema_migrations" 
Migrating to CreateUsers (20130325034129)
  [1m[36m (0.1ms)[0m  [1mbegin transaction[0m
  [1m[35m (0.6ms)[0m  CREATE TABLE "users" ("id" INTEGER PRIMARY KEY AUTOINCREMENT NOT NULL, "email" varchar(255), "password_digest" varchar(255), "created_at" datetime NOT NULL, "updated_at" datetime NOT NULL) 
  [1m[36m (0.1ms)[0m  [1mINSERT INTO "schema_migrations" ("version") VALUES ('20130325034129')[0m
  [1m[35m (150.4ms)[0m  commit transaction
  [1m[36m (0.1ms)[0m  [1mSELECT "schema_migrations"."version" FROM "schema_migrations" [0m
Connecting to database specified by database.yml
Connecting to database specified by database.yml
  [1m[36m (174.8ms)[0m  [1mSELECT "schema_migrations"."version" FROM "schema_migrations" [0m
Migrating to CreateUsers (20130325034129)
  [1m[35m (0.1ms)[0m  select sqlite_version(*)
  [1m[36m (0.1ms)[0m  [1mSELECT "schema_migrations"."version" FROM "schema_migrations" [0m
Connecting to database specified by database.yml


Started GET "/" for 127.0.0.1 at 2013-03-25 23:57:40 -0400


Started GET "/" for 127.0.0.1 at 2013-03-25 23:57:40 -0400
Processing by HomeController#index as HTML
  Rendered home/index.html.erb within layouts/application (159.3ms)
Compiled scaffolds.css  (46ms)  (pid 37254)
Compiled sessions.css  (4ms)  (pid 37254)
Compiled users.css  (6ms)  (pid 37254)
Compiled application.css  (623ms)  (pid 37254)
Compiled sessions.js  (227ms)  (pid 37254)
Compiled users.js  (1ms)  (pid 37254)
Compiled application.js  (301ms)  (pid 37254)
Completed 200 OK in 4809ms (Views: 4808.2ms | ActiveRecord: 0.0ms)


Started GET "/assets/home.css?body=1" for 127.0.0.1 at 2013-03-25 23:57:45 -0400
Served asset /home.css - 200 OK (2ms)


Started GET "/assets/scaffolds.css?body=1" for 127.0.0.1 at 2013-03-25 23:57:46 -0400
Served asset /scaffolds.css - 200 OK (1ms)


Started GET "/assets/users.css?body=1" for 127.0.0.1 at 2013-03-25 23:57:46 -0400
Served asset /users.css - 200 OK (2ms)


Started GET "/assets/application.css?body=1" for 127.0.0.1 at 2013-03-25 23:57:46 -0400
Served asset /application.css - 200 OK (6ms)


Started GET "/assets/jquery.js?body=1" for 127.0.0.1 at 2013-03-25 23:57:46 -0400
Served asset /jquery.js - 200 OK (3ms)


Started GET "/assets/sessions.css?body=1" for 127.0.0.1 at 2013-03-25 23:57:46 -0400
Served asset /sessions.css - 200 OK (1ms)


Started GET "/assets/jquery_ujs.js?body=1" for 127.0.0.1 at 2013-03-25 23:57:46 -0400
Served asset /jquery_ujs.js - 200 OK (3ms)


Started GET "/assets/home.js?body=1" for 127.0.0.1 at 2013-03-25 23:57:46 -0400
Served asset /home.js - 200 OK (2ms)


Started GET "/assets/sessions.js?body=1" for 127.0.0.1 at 2013-03-25 23:57:46 -0400
Served asset /sessions.js - 200 OK (1ms)


Started GET "/assets/users.js?body=1" for 127.0.0.1 at 2013-03-25 23:57:46 -0400
Served asset /users.js - 200 OK (1ms)


Started GET "/assets/application.js?body=1" for 127.0.0.1 at 2013-03-25 23:57:46 -0400
Served asset /application.js - 200 OK (8ms)
